23:05:16.578 Info    (*) Add plugin: wcfconsoleworker         [Assembly = ETACO.CommonUtils] [Description = ]
23:05:16.582 Info    (*) Add plugin: httpconsoleworker        [Assembly = ETACO.CommonUtils] [Description = ]
23:05:16.582 Info    (*) Add plugin: gcworker                 [Assembly = ETACO.CommonUtils] [Description = ]
23:05:16.583 Info    (*) Add plugin: processworker            [Assembly = ETACO.CommonUtils] [Description = ]
23:05:16.583 Info    (*) Add plugin: evaltask                 [Assembly = ETACO.CommonUtils] [Description = ]
23:05:16.584 Info    (*) Add plugin: EWSWriteTelecom          [Assembly = ETACO.CommonUtils] [Description = ]
23:05:16.584 Info    (*) Add plugin: EWSReadTelecom           [Assembly = ETACO.CommonUtils] [Description = ]
23:05:16.585 Info    (*) Add plugin: dbwritetelecom           [Assembly = ETACO.CommonUtils] [Description = ]
23:05:16.585 Info    (*) Add plugin: dbreadtelecom            [Assembly = ETACO.CommonUtils] [Description = ]
23:05:16.586 Info    (*) Add plugin: filewritetelecom         [Assembly = ETACO.CommonUtils] [Description = ]
23:05:16.586 Info    (*) Add plugin: filereadtelecom          [Assembly = ETACO.CommonUtils] [Description = ]
23:05:16.587 Info    (*) Add plugin: FTPWriteTelecom          [Assembly = ETACO.CommonUtils] [Description = ]
23:05:16.587 Info    (*) Add plugin: FTPReadTelecom           [Assembly = ETACO.CommonUtils] [Description = ]
23:05:16.588 Info    (*) Add plugin: HttpGetReadTelecom       [Assembly = ETACO.CommonUtils] [Description = ]
23:05:16.588 Info    (*) Add plugin: POP3ReadTelecom          [Assembly = ETACO.CommonUtils] [Description = ]
23:05:16.588 Info    (*) Add plugin: SMTPWriteTelecom         [Assembly = ETACO.CommonUtils] [Description = ]
23:05:16.589 Info    (*) Add plugin: telecomtask              [Assembly = ETACO.CommonUtils] [Description = ]
23:05:16.600 Info    (*) Add plugin: wcfconsoleworker         [Assembly = ETACO.CommonUtils] [Description = ]
23:05:16.601 Info    (*) Add plugin: httpconsoleworker        [Assembly = ETACO.CommonUtils] [Description = ]
23:05:16.602 Info    (*) Add plugin: gcworker                 [Assembly = ETACO.CommonUtils] [Description = ]
23:05:16.602 Info    (*) Add plugin: processworker            [Assembly = ETACO.CommonUtils] [Description = ]
23:05:16.603 Info    (*) Add plugin: evaltask                 [Assembly = ETACO.CommonUtils] [Description = ]
23:05:16.603 Info    (*) Add plugin: EWSWriteTelecom          [Assembly = ETACO.CommonUtils] [Description = ]
23:05:16.604 Info    (*) Add plugin: EWSReadTelecom           [Assembly = ETACO.CommonUtils] [Description = ]
23:05:16.604 Info    (*) Add plugin: dbwritetelecom           [Assembly = ETACO.CommonUtils] [Description = ]
23:05:16.605 Info    (*) Add plugin: dbreadtelecom            [Assembly = ETACO.CommonUtils] [Description = ]
23:05:16.606 Info    (*) Add plugin: filewritetelecom         [Assembly = ETACO.CommonUtils] [Description = ]
23:05:16.606 Info    (*) Add plugin: filereadtelecom          [Assembly = ETACO.CommonUtils] [Description = ]
23:05:16.607 Info    (*) Add plugin: FTPWriteTelecom          [Assembly = ETACO.CommonUtils] [Description = ]
23:05:16.607 Info    (*) Add plugin: FTPReadTelecom           [Assembly = ETACO.CommonUtils] [Description = ]
23:05:16.608 Info    (*) Add plugin: HttpGetReadTelecom       [Assembly = ETACO.CommonUtils] [Description = ]
23:05:16.608 Info    (*) Add plugin: POP3ReadTelecom          [Assembly = ETACO.CommonUtils] [Description = ]
23:05:16.609 Info    (*) Add plugin: SMTPWriteTelecom         [Assembly = ETACO.CommonUtils] [Description = ]
23:05:16.609 Info    (*) Add plugin: telecomtask              [Assembly = ETACO.CommonUtils] [Description = ]
